# JRE version: OpenJDK Runtime Environment Temurin-21.0.11+10 (21.0.11+10) (build 21.0.11+10-LTS)
# Java VM: OpenJDK 64-Bit Server VM Temurin-21.0.11+10 (21.0.11+10-LTS, mixed mode, sharing, tiered, compressed oops, compressed class ptrs, parallel gc, windows-amd64)
GC Precious Log:
 CardTable entry size: 512
 CPUs: 12 total, 12 available
 Memory: 6005M
 Large Page Support: Disabled
 NUMA Support: Disabled
 Compressed Oops: Enabled (32-bit)
 Alignments: Space 512K, Generation 512K, Heap 2M
 Heap Min Capacity: 100M
 Heap Initial Capacity: 100M
 Heap Max Capacity: 2G
 Pre-touch: Disabled
 Parallel Workers: 10
Heap:
 PSYoungGen      total 18944K, used 3608K [0x00000000d5580000, 0x00000000d6a00000, 0x0000000100000000)
  eden space 18432K, 16% used [0x00000000d5580000,0x00000000d588b430,0x00000000d6780000)
  from space 512K, 96% used [0x00000000d6900000,0x00000000d697ae58,0x00000000d6980000)
  to   space 512K, 0% used [0x00000000d6980000,0x00000000d6980000,0x00000000d6a00000)
 ParOldGen       total 68608K, used 28714K [0x0000000080000000, 0x0000000084300000, 0x00000000d5580000)
  object space 68608K, 41% used [0x0000000080000000,0x0000000081c0aa00,0x0000000084300000)
 Metaspace       used 35767K, committed 36800K, reserved 1114112K
  class space    used 3658K, committed 4160K, reserved 1048576K
GC Heap History (20 events):
Event: 39.580 GC heap before
{Heap before GC invocations=13 (full 1):
 PSYoungGen      total 24064K, used 24032K [0x00000000d5580000, 0x00000000d7180000, 0x0000000100000000)
  eden space 22016K, 100% used [0x00000000d5580000,0x00000000d6b00000,0x00000000d6b00000)
  from space 2048K, 98% used [0x00000000d6d00000,0x00000000d6ef8030,0x00000000d6f00000)
  to   space 2560K, 0% used [0x00000000d6f00000,0x00000000d6f00000,0x00000000d7180000)
 ParOldGen       total 68608K, used 15696K [0x0000000080000000, 0x0000000084300000, 0x00000000d5580000)
  object space 68608K, 22% used [0x0000000080000000,0x0000000080f54250,0x0000000084300000)
 Metaspace       used 33405K, committed 34624K, reserved 1114112K
  class space    used 3486K, committed 4032K, reserved 1048576K
}
Event: 39.586 GC heap after
{Heap after GC invocations=13 (full 1):
 PSYoungGen      total 23040K, used 2530K [0x00000000d5580000, 0x00000000d7600000, 0x0000000100000000)
  eden space 20480K, 0% used [0x00000000d5580000,0x00000000d5580000,0x00000000d6980000)
  from space 2560K, 98% used [0x00000000d6f00000,0x00000000d7178950,0x00000000d7180000)
  to   space 5632K, 0% used [0x00000000d6980000,0x00000000d6980000,0x00000000d6f00000)
 ParOldGen       total 68608K, used 18045K [0x0000000080000000, 0x0000000084300000, 0x00000000d5580000)
  object space 68608K, 26% used [0x0000000080000000,0x000000008119f538,0x0000000084300000)
 Metaspace       used 33405K, committed 34624K, reserved 1114112K
  class space    used 3486K, committed 4032K, reserved 1048576K
}
Event: 39.704 GC heap before
{Heap before GC invocations=14 (full 1):
 PSYoungGen      total 23040K, used 23010K [0x00000000d5580000, 0x00000000d7600000, 0x0000000100000000)
  eden space 20480K, 100% used [0x00000000d5580000,0x00000000d6980000,0x00000000d6980000)
  from space 2560K, 98% used [0x00000000d6f00000,0x00000000d7178950,0x00000000d7180000)
  to   space 5632K, 0% used [0x00000000d6980000,0x00000000d6980000,0x00000000d6f00000)
 ParOldGen       total 68608K, used 18045K [0x0000000080000000, 0x0000000084300000, 0x00000000d5580000)
  object space 68608K, 26% used [0x0000000080000000,0x000000008119f538,0x0000000084300000)
 Metaspace       used 33414K, committed 34624K, reserved 1114112K
  class space    used 3486K, committed 4032K, reserved 1048576K
}
Event: 39.712 GC heap after
{Heap after GC invocations=14 (full 1):
 PSYoungGen      total 22528K, used 1920K [0x00000000d5580000, 0x00000000d6f80000, 0x0000000100000000)
  eden space 20480K, 0% used [0x00000000d5580000,0x00000000d5580000,0x00000000d6980000)
  from space 2048K, 93% used [0x00000000d6980000,0x00000000d6b60010,0x00000000d6b80000)
  to   space 3072K, 0% used [0x00000000d6c80000,0x00000000d6c80000,0x00000000d6f80000)
 ParOldGen       total 68608K, used 20599K [0x0000000080000000, 0x0000000084300000, 0x00000000d5580000)
  object space 68608K, 30% used [0x0000000080000000,0x000000008141de88,0x0000000084300000)
 Metaspace       used 33414K, committed 34624K, reserved 1114112K
  class space    used 3486K, committed 4032K, reserved 1048576K
}
Event: 39.830 GC heap before
{Heap before GC invocations=15 (full 1):
 PSYoungGen      total 22528K, used 22400K [0x00000000d5580000, 0x00000000d6f80000, 0x0000000100000000)
  eden space 20480K, 100% used [0x00000000d5580000,0x00000000d6980000,0x00000000d6980000)
  from space 2048K, 93% used [0x00000000d6980000,0x00000000d6b60010,0x00000000d6b80000)
  to   space 3072K, 0% used [0x00000000d6c80000,0x00000000d6c80000,0x00000000d6f80000)
 ParOldGen       total 68608K, used 20599K [0x0000000080000000, 0x0000000084300000, 0x00000000d5580000)
  object space 68608K, 30% used [0x0000000080000000,0x000000008141de88,0x0000000084300000)
 Metaspace       used 33463K, committed 34688K, reserved 1114112K
  class space    used 3487K, committed 4032K, reserved 1048576K
}
Event: 39.837 GC heap after
{Heap after GC invocations=15 (full 1):
 PSYoungGen      total 23040K, used 2368K [0x00000000d5580000, 0x00000000d6f00000, 0x0000000100000000)
  eden space 20480K, 0% used [0x00000000d5580000,0x00000000d5580000,0x00000000d6980000)
  from space 2560K, 92% used [0x00000000d6c80000,0x00000000d6ed0000,0x00000000d6f00000)
  to   space 2560K, 0% used [0x00000000d6a00000,0x00000000d6a00000,0x00000000d6c80000)
 ParOldGen       total 68608K, used 22415K [0x0000000080000000, 0x0000000084300000, 0x00000000d5580000)
  object space 68608K, 32% used [0x0000000080000000,0x00000000815e3e98,0x0000000084300000)
 Metaspace       used 33463K, committed 34688K, reserved 1114112K
  class space    used 3487K, committed 4032K, reserved 1048576K
}
Event: 39.945 GC heap before
{Heap before GC invocations=16 (full 1):
 PSYoungGen      total 23040K, used 22848K [0x00000000d5580000, 0x00000000d6f00000, 0x0000000100000000)
  eden space 20480K, 100% used [0x00000000d5580000,0x00000000d6980000,0x00000000d6980000)
  from space 2560K, 92% used [0x00000000d6c80000,0x00000000d6ed0000,0x00000000d6f00000)
  to   space 2560K, 0% used [0x00000000d6a00000,0x00000000d6a00000,0x00000000d6c80000)
 ParOldGen       total 68608K, used 22415K [0x0000000080000000, 0x0000000084300000, 0x00000000d5580000)
  object space 68608K, 32% used [0x0000000080000000,0x00000000815e3e98,0x0000000084300000)
 Metaspace       used 33512K, committed 34752K, reserved 1114112K
  class space    used 3487K, committed 4032K, reserved 1048576K
}
Event: 39.952 GC heap after
{Heap after GC invocations=16 (full 1):
 PSYoungGen      total 23040K, used 2372K [0x00000000d5580000, 0x00000000d6e80000, 0x0000000100000000)
  eden space 20480K, 0% used [0x00000000d5580000,0x00000000d5580000,0x00000000d6980000)
  from space 2560K, 92% used [0x00000000d6a00000,0x00000000d6c51000,0x00000000d6c80000)
  to   space 2048K, 0% used [0x00000000d6c80000,0x00000000d6c80000,0x00000000d6e80000)
 ParOldGen       total 68608K, used 24607K [0x0000000080000000, 0x0000000084300000, 0x00000000d5580000)
  object space 68608K, 35% used [0x0000000080000000,0x0000000081807f80,0x0000000084300000)
 Metaspace       used 33512K, committed 34752K, reserved 1114112K
  class space    used 3487K, committed 4032K, reserved 1048576K
}
Event: 40.102 GC heap before
{Heap before GC invocations=17 (full 1):
 PSYoungGen      total 23040K, used 22852K [0x00000000d5580000, 0x00000000d6e80000, 0x0000000100000000)
  eden space 20480K, 100% used [0x00000000d5580000,0x00000000d6980000,0x00000000d6980000)
  from space 2560K, 92% used [0x00000000d6a00000,0x00000000d6c51000,0x00000000d6c80000)
  to   space 2048K, 0% used [0x00000000d6c80000,0x00000000d6c80000,0x00000000d6e80000)
 ParOldGen       total 68608K, used 24607K [0x0000000080000000, 0x0000000084300000, 0x00000000d5580000)
  object space 68608K, 35% used [0x0000000080000000,0x0000000081807f80,0x0000000084300000)
 Metaspace       used 33615K, committed 34816K, reserved 1114112K
  class space    used 3490K, committed 4032K, reserved 1048576K
}
Event: 40.109 GC heap after
{Heap after GC invocations=17 (full 1):
 PSYoungGen      total 20480K, used 2016K [0x00000000d5580000, 0x00000000d7380000, 0x0000000100000000)
  eden space 18432K, 0% used [0x00000000d5580000,0x00000000d5580000,0x00000000d6780000)
  from space 2048K, 98% used [0x00000000d6c80000,0x00000000d6e78010,0x00000000d6e80000)
  to   space 5120K, 0% used [0x00000000d6780000,0x00000000d6780000,0x00000000d6c80000)
 ParOldGen       total 68608K, used 26997K [0x0000000080000000, 0x0000000084300000, 0x00000000d5580000)
  object space 68608K, 39% used [0x0000000080000000,0x0000000081a5d798,0x0000000084300000)
 Metaspace       used 33615K, committed 34816K, reserved 1114112K
  class space    used 3490K, committed 4032K, reserved 1048576K
}
Event: 40.252 GC heap before
{Heap before GC invocations=18 (full 1):
 PSYoungGen      total 20480K, used 20448K [0x00000000d5580000, 0x00000000d7380000, 0x0000000100000000)
  eden space 18432K, 100% used [0x00000000d5580000,0x00000000d6780000,0x00000000d6780000)
  from space 2048K, 98% used [0x00000000d6c80000,0x00000000d6e78010,0x00000000d6e80000)
  to   space 5120K, 0% used [0x00000000d6780000,0x00000000d6780000,0x00000000d6c80000)
 ParOldGen       total 68608K, used 26997K [0x0000000080000000, 0x0000000084300000, 0x00000000d5580000)
  object space 68608K, 39% used [0x0000000080000000,0x0000000081a5d798,0x0000000084300000)
 Metaspace       used 33702K, committed 34944K, reserved 1114112K
  class space    used 3490K, committed 4032K, reserved 1048576K
}
Event: 40.260 GC heap after
{Heap after GC invocations=18 (full 1):
 PSYoungGen      total 20480K, used 1944K [0x00000000d5580000, 0x00000000d6d80000, 0x0000000100000000)
  eden space 18432K, 0% used [0x00000000d5580000,0x00000000d5580000,0x00000000d6780000)
  from space 2048K, 94% used [0x00000000d6780000,0x00000000d6966200,0x00000000d6980000)
  to   space 3072K, 0% used [0x00000000d6a80000,0x00000000d6a80000,0x00000000d6d80000)
 ParOldGen       total 68608K, used 29053K [0x0000000080000000, 0x0000000084300000, 0x00000000d5580000)
  object space 68608K, 42% used [0x0000000080000000,0x0000000081c5f7a8,0x0000000084300000)
 Metaspace       used 33702K, committed 34944K, reserved 1114112K
  class space    used 3490K, committed 4032K, reserved 1048576K
}
Event: 40.373 GC heap before
{Heap before GC invocations=19 (full 1):
 PSYoungGen      total 20480K, used 20376K [0x00000000d5580000, 0x00000000d6d80000, 0x0000000100000000)
  eden space 18432K, 100% used [0x00000000d5580000,0x00000000d6780000,0x00000000d6780000)
  from space 2048K, 94% used [0x00000000d6780000,0x00000000d6966200,0x00000000d6980000)
  to   space 3072K, 0% used [0x00000000d6a80000,0x00000000d6a80000,0x00000000d6d80000)
 ParOldGen       total 68608K, used 29053K [0x0000000080000000, 0x0000000084300000, 0x00000000d5580000)
  object space 68608K, 42% used [0x0000000080000000,0x0000000081c5f7a8,0x0000000084300000)
 Metaspace       used 33781K, committed 35008K, reserved 1114112K
  class space    used 3491K, committed 4032K, reserved 1048576K
}
Event: 40.379 GC heap after
{Heap after GC invocations=19 (full 1):
 PSYoungGen      total 20480K, used 1760K [0x00000000d5580000, 0x00000000d6c80000, 0x0000000100000000)
  eden space 18432K, 0% used [0x00000000d5580000,0x00000000d5580000,0x00000000d6780000)
  from space 2048K, 85% used [0x00000000d6a80000,0x00000000d6c38000,0x00000000d6c80000)
  to   space 2048K, 0% used [0x00000000d6780000,0x00000000d6780000,0x00000000d6980000)
 ParOldGen       total 68608K, used 30870K [0x0000000080000000, 0x0000000084300000, 0x00000000d5580000)
  object space 68608K, 44% used [0x0000000080000000,0x0000000081e259a8,0x0000000084300000)
 Metaspace       used 33781K, committed 35008K, reserved 1114112K
  class space    used 3491K, committed 4032K, reserved 1048576K
}
Event: 40.716 GC heap before
{Heap before GC invocations=20 (full 1):
 PSYoungGen      total 20480K, used 20187K [0x00000000d5580000, 0x00000000d6c80000, 0x0000000100000000)
  eden space 18432K, 99% used [0x00000000d5580000,0x00000000d677ecb0,0x00000000d6780000)
  from space 2048K, 85% used [0x00000000d6a80000,0x00000000d6c38000,0x00000000d6c80000)
  to   space 2048K, 0% used [0x00000000d6780000,0x00000000d6780000,0x00000000d6980000)
 ParOldGen       total 68608K, used 30870K [0x0000000080000000, 0x0000000084300000, 0x00000000d5580000)
  object space 68608K, 44% used [0x0000000080000000,0x0000000081e259a8,0x0000000084300000)
 Metaspace       used 34487K, committed 35712K, reserved 1114112K
  class space    used 3563K, committed 4096K, reserved 1048576K
}
Event: 40.722 GC heap after
{Heap after GC invocations=20 (full 1):
 PSYoungGen      total 20480K, used 864K [0x00000000d5580000, 0x00000000d6b00000, 0x0000000100000000)
  eden space 18432K, 0% used [0x00000000d5580000,0x00000000d5580000,0x00000000d6780000)
  from space 2048K, 42% used [0x00000000d6780000,0x00000000d6858000,0x00000000d6980000)
  to   space 1536K, 0% used [0x00000000d6980000,0x00000000d6980000,0x00000000d6b00000)
 ParOldGen       total 68608K, used 32459K [0x0000000080000000, 0x0000000084300000, 0x00000000d5580000)
  object space 68608K, 47% used [0x0000000080000000,0x0000000081fb2d00,0x0000000084300000)
 Metaspace       used 34487K, committed 35712K, reserved 1114112K
  class space    used 3563K, committed 4096K, reserved 1048576K
}
Event: 40.762 GC heap before
{Heap before GC invocations=21 (full 1):
 PSYoungGen      total 20480K, used 1719K [0x00000000d5580000, 0x00000000d6b00000, 0x0000000100000000)
  eden space 18432K, 4% used [0x00000000d5580000,0x00000000d5655f58,0x00000000d6780000)
  from space 2048K, 42% used [0x00000000d6780000,0x00000000d6858000,0x00000000d6980000)
  to   space 1536K, 0% used [0x00000000d6980000,0x00000000d6980000,0x00000000d6b00000)
 ParOldGen       total 68608K, used 32459K [0x0000000080000000, 0x0000000084300000, 0x00000000d5580000)
  object space 68608K, 47% used [0x0000000080000000,0x0000000081fb2d00,0x0000000084300000)
 Metaspace       used 34621K, committed 35840K, reserved 1114112K
  class space    used 3596K, committed 4160K, reserved 1048576K
}
Event: 40.765 GC heap after
{Heap after GC invocations=21 (full 1):
 PSYoungGen      total 18944K, used 160K [0x00000000d5580000, 0x00000000d6a00000, 0x0000000100000000)
  eden space 18432K, 0% used [0x00000000d5580000,0x00000000d5580000,0x00000000d6780000)
  from space 512K, 31% used [0x00000000d6980000,0x00000000d69a8000,0x00000000d6a00000)
  to   space 512K, 0% used [0x00000000d6900000,0x00000000d6900000,0x00000000d6980000)
 ParOldGen       total 68608K, used 33136K [0x0000000080000000, 0x0000000084300000, 0x00000000d5580000)
  object space 68608K, 48% used [0x0000000080000000,0x000000008205c3d0,0x0000000084300000)
 Metaspace       used 34621K, committed 35840K, reserved 1114112K
  class space    used 3596K, committed 4160K, reserved 1048576K
}
Event: 40.765 GC heap before
{Heap before GC invocations=22 (full 2):
 PSYoungGen      total 18944K, used 160K [0x00000000d5580000, 0x00000000d6a00000, 0x0000000100000000)
  eden space 18432K, 0% used [0x00000000d5580000,0x00000000d5580000,0x00000000d6780000)
  from space 512K, 31% used [0x00000000d6980000,0x00000000d69a8000,0x00000000d6a00000)
  to   space 512K, 0% used [0x00000000d6900000,0x00000000d6900000,0x00000000d6980000)
 ParOldGen       total 68608K, used 33136K [0x0000000080000000, 0x0000000084300000, 0x00000000d5580000)
  object space 68608K, 48% used [0x0000000080000000,0x000000008205c3d0,0x0000000084300000)
 Metaspace       used 34621K, committed 35840K, reserved 1114112K
  class space    used 3596K, committed 4160K, reserved 1048576K
}
Event: 40.934 GC heap after
{Heap after GC invocations=22 (full 2):
 PSYoungGen      total 18944K, used 0K [0x00000000d5580000, 0x00000000d6a00000, 0x0000000100000000)
  eden space 18432K, 0% used [0x00000000d5580000,0x00000000d5580000,0x00000000d6780000)
  from space 512K, 0% used [0x00000000d6980000,0x00000000d6980000,0x00000000d6a00000)
  to   space 512K, 0% used [0x00000000d6900000,0x00000000d6900000,0x00000000d6980000)
 ParOldGen       total 68608K, used 28439K [0x0000000080000000, 0x0000000084300000, 0x00000000d5580000)
  object space 68608K, 41% used [0x0000000080000000,0x0000000081bc5d30,0x0000000084300000)
 Metaspace       used 34213K, committed 35840K, reserved 1114112K
  class space    used 3479K, committed 4160K, reserved 1048576K
}

